# JRE version: Java(TM) SE Runtime Environment (8.0_151-b12) (build 1.8.0_151-b12)
# Java VM: Java HotSpot(TM) 64-Bit Server VM (25.151-b12 mixed mode windows-amd64 compressed oops)
Heap:
 PSYoungGen      total 317952K, used 29957K [0x00000000eab00000, 0x0000000100000000, 0x0000000100000000)
  eden space 285696K, 7% used [0x00000000eab00000,0x00000000ebe94758,0x00000000fc200000)
  from space 32256K, 30% used [0x00000000fe080000,0x00000000fea2d068,0x0000000100000000)
  to   space 31232K, 0% used [0x00000000fc200000,0x00000000fc200000,0x00000000fe080000)
 ParOldGen       total 156160K, used 78165K [0x00000000c0000000, 0x00000000c9880000, 0x00000000eab00000)
  object space 156160K, 50% used [0x00000000c0000000,0x00000000c4c55598,0x00000000c9880000)
 Metaspace       used 78798K, capacity 81178K, committed 81304K, reserved 1120256K
  class space    used 9871K, capacity 10389K, committed 10392K, reserved 1048576K
GC Heap History (10 events):
Event: 39.041 GC heap before
{Heap before GC invocations=11 (full 2):
 PSYoungGen      total 314368K, used 104790K [0x00000000eab00000, 0x00000000ff480000, 0x0000000100000000)
  eden space 299520K, 30% used [0x00000000eab00000,0x00000000f02d6548,0x00000000fcf80000)
  from space 14848K, 99% used [0x00000000fe280000,0x00000000ff0ff3f0,0x00000000ff100000)
  to   space 18944K, 0% used [0x00000000fcf80000,0x00000000fcf80000,0x00000000fe200000)
 ParOldGen       total 115712K, used 18658K [0x00000000c0000000, 0x00000000c7100000, 0x00000000eab00000)
  object space 115712K, 16% used [0x00000000c0000000,0x00000000c1238928,0x00000000c7100000)
 Metaspace       used 57521K, capacity 59076K, committed 59160K, reserved 1099776K
  class space    used 7711K, capacity 8134K, committed 8216K, reserved 1048576K
Event: 39.077 GC heap after
Heap after GC invocations=11 (full 2):
 PSYoungGen      total 318464K, used 18923K [0x00000000eab00000, 0x0000000100000000, 0x0000000100000000)
  eden space 299520K, 0% used [0x00000000eab00000,0x00000000eab00000,0x00000000fcf80000)
  from space 18944K, 99% used [0x00000000fcf80000,0x00000000fe1facf0,0x00000000fe200000)
  to   space 23040K, 0% used [0x00000000fe980000,0x00000000fe980000,0x0000000100000000)
 ParOldGen       total 115712K, used 22572K [0x00000000c0000000, 0x00000000c7100000, 0x00000000eab00000)
  object space 115712K, 19% used [0x00000000c0000000,0x00000000c160b128,0x00000000c7100000)
 Metaspace       used 57521K, capacity 59076K, committed 59160K, reserved 1099776K
  class space    used 7711K, capacity 8134K, committed 8216K, reserved 1048576K
}
Event: 39.077 GC heap before
{Heap before GC invocations=12 (full 3):
 PSYoungGen      total 318464K, used 18923K [0x00000000eab00000, 0x0000000100000000, 0x0000000100000000)
  eden space 299520K, 0% used [0x00000000eab00000,0x00000000eab00000,0x00000000fcf80000)
  from space 18944K, 99% used [0x00000000fcf80000,0x00000000fe1facf0,0x00000000fe200000)
  to   space 23040K, 0% used [0x00000000fe980000,0x00000000fe980000,0x0000000100000000)
 ParOldGen       total 115712K, used 22572K [0x00000000c0000000, 0x00000000c7100000, 0x00000000eab00000)
  object space 115712K, 19% used [0x00000000c0000000,0x00000000c160b128,0x00000000c7100000)
 Metaspace       used 57521K, capacity 59076K, committed 59160K, reserved 1099776K
  class space    used 7711K, capacity 8134K, committed 8216K, reserved 1048576K
Event: 39.320 GC heap after
Heap after GC invocations=12 (full 3):
 PSYoungGen      total 318464K, used 0K [0x00000000eab00000, 0x0000000100000000, 0x0000000100000000)
  eden space 299520K, 0% used [0x00000000eab00000,0x00000000eab00000,0x00000000fcf80000)
  from space 18944K, 0% used [0x00000000fcf80000,0x00000000fcf80000,0x00000000fe200000)
  to   space 23040K, 0% used [0x00000000fe980000,0x00000000fe980000,0x0000000100000000)
 ParOldGen       total 156160K, used 35806K [0x00000000c0000000, 0x00000000c9880000, 0x00000000eab00000)
  object space 156160K, 22% used [0x00000000c0000000,0x00000000c22f7b00,0x00000000c9880000)
 Metaspace       used 57424K, capacity 58818K, committed 59160K, reserved 1099776K
  class space    used 7683K, capacity 8048K, committed 8216K, reserved 1048576K
}
Event: 75.830 GC heap before
{Heap before GC invocations=13 (full 3):
 PSYoungGen      total 318464K, used 299520K [0x00000000eab00000, 0x0000000100000000, 0x0000000100000000)
  eden space 299520K, 100% used [0x00000000eab00000,0x00000000fcf80000,0x00000000fcf80000)
  from space 18944K, 0% used [0x00000000fcf80000,0x00000000fcf80000,0x00000000fe200000)
  to   space 23040K, 0% used [0x00000000fe980000,0x00000000fe980000,0x0000000100000000)
 ParOldGen       total 156160K, used 35806K [0x00000000c0000000, 0x00000000c9880000, 0x00000000eab00000)
  object space 156160K, 22% used [0x00000000c0000000,0x00000000c22f7b00,0x00000000c9880000)
 Metaspace       used 64744K, capacity 66676K, committed 66840K, reserved 1107968K
  class space    used 8485K, capacity 8962K, committed 8984K, reserved 1048576K
Event: 75.864 GC heap after
Heap after GC invocations=13 (full 3):
 PSYoungGen      total 313856K, used 23019K [0x00000000eab00000, 0x0000000100000000, 0x0000000100000000)
  eden space 290816K, 0% used [0x00000000eab00000,0x00000000eab00000,0x00000000fc700000)
  from space 23040K, 99% used [0x00000000fe980000,0x00000000ffffaf60,0x0000000100000000)
  to   space 29184K, 0% used [0x00000000fc700000,0x00000000fc700000,0x00000000fe380000)
 ParOldGen       total 156160K, used 44374K [0x00000000c0000000, 0x00000000c9880000, 0x00000000eab00000)
  object space 156160K, 28% used [0x00000000c0000000,0x00000000c2b55a68,0x00000000c9880000)
 Metaspace       used 64744K, capacity 66676K, committed 66840K, reserved 1107968K
  class space    used 8485K, capacity 8962K, committed 8984K, reserved 1048576K
}
Event: 85.571 GC heap before
{Heap before GC invocations=14 (full 3):
 PSYoungGen      total 313856K, used 313835K [0x00000000eab00000, 0x0000000100000000, 0x0000000100000000)
  eden space 290816K, 100% used [0x00000000eab00000,0x00000000fc700000,0x00000000fc700000)
  from space 23040K, 99% used [0x00000000fe980000,0x00000000ffffaf60,0x0000000100000000)
  to   space 29184K, 0% used [0x00000000fc700000,0x00000000fc700000,0x00000000fe380000)
 ParOldGen       total 156160K, used 44374K [0x00000000c0000000, 0x00000000c9880000, 0x00000000eab00000)
  object space 156160K, 28% used [0x00000000c0000000,0x00000000c2b55a68,0x00000000c9880000)
 Metaspace       used 77537K, capacity 79722K, committed 80024K, reserved 1118208K
  class space    used 9796K, capacity 10289K, committed 10392K, reserved 1048576K
Event: 85.627 GC heap after
Heap after GC invocations=14 (full 3):
 PSYoungGen      total 316928K, used 25868K [0x00000000eab00000, 0x0000000100000000, 0x0000000100000000)
  eden space 290816K, 0% used [0x00000000eab00000,0x00000000eab00000,0x00000000fc700000)
  from space 26112K, 99% used [0x00000000fc700000,0x00000000fe043020,0x00000000fe080000)
  to   space 32256K, 0% used [0x00000000fe080000,0x00000000fe080000,0x0000000100000000)
 ParOldGen       total 156160K, used 65880K [0x00000000c0000000, 0x00000000c9880000, 0x00000000eab00000)
  object space 156160K, 42% used [0x00000000c0000000,0x00000000c4056328,0x00000000c9880000)
 Metaspace       used 77537K, capacity 79722K, committed 80024K, reserved 1118208K
  class space    used 9796K, capacity 10289K, committed 10392K, reserved 1048576K
}
Event: 104.679 GC heap before
{Heap before GC invocations=15 (full 3):
 PSYoungGen      total 316928K, used 316684K [0x00000000eab00000, 0x0000000100000000, 0x0000000100000000)
  eden space 290816K, 100% used [0x00000000eab00000,0x00000000fc700000,0x00000000fc700000)
  from space 26112K, 99% used [0x00000000fc700000,0x00000000fe043020,0x00000000fe080000)
  to   space 32256K, 0% used [0x00000000fe080000,0x00000000fe080000,0x0000000100000000)
 ParOldGen       total 156160K, used 65880K [0x00000000c0000000, 0x00000000c9880000, 0x00000000eab00000)
  object space 156160K, 42% used [0x00000000c0000000,0x00000000c4056328,0x00000000c9880000)
 Metaspace       used 78627K, capacity 80922K, committed 81048K, reserved 1120256K
  class space    used 9844K, capacity 10377K, committed 10392K, reserved 1048576K
Event: 104.722 GC heap after
Heap after GC invocations=15 (full 3):
 PSYoungGen      total 317952K, used 9908K [0x00000000eab00000, 0x0000000100000000, 0x0000000100000000)
  eden space 285696K, 0% used [0x00000000eab00000,0x00000000eab00000,0x00000000fc200000)
  from space 32256K, 30% used [0x00000000fe080000,0x00000000fea2d068,0x0000000100000000)
  to   space 31232K, 0% used [0x00000000fc200000,0x00000000fc200000,0x00000000fe080000)
 ParOldGen       total 156160K, used 78165K [0x00000000c0000000, 0x00000000c9880000, 0x00000000eab00000)
  object space 156160K, 50% used [0x00000000c0000000,0x00000000c4c55598,0x00000000c9880000)
 Metaspace       used 78627K, capacity 80922K, committed 81048K, reserved 1120256K
  class space    used 9844K, capacity 10377K, committed 10392K, reserved 1048576K
}

