# JRE version: Java(TM) SE Runtime Environment (8.0_151-b12) (build 1.8.0_151-b12)
# Java VM: Java HotSpot(TM) 64-Bit Server VM (25.151-b12 mixed mode windows-amd64 compressed oops)
Heap:
 PSYoungGen      total 117248K, used 33079K [0x000000076b380000, 0x0000000773400000, 0x00000007c0000000)
  eden space 102912K, 32% used [0x000000076b380000,0x000000076d3cdea0,0x0000000771800000)
  from space 14336K, 0% used [0x0000000771800000,0x0000000771800000,0x0000000772600000)
  to   space 13824K, 0% used [0x0000000772680000,0x0000000772680000,0x0000000773400000)
 ParOldGen       total 105472K, used 19246K [0x00000006c1a00000, 0x00000006c8100000, 0x000000076b380000)
  object space 105472K, 18% used [0x00000006c1a00000,0x00000006c2ccbb40,0x00000006c8100000)
 Metaspace       used 38676K, capacity 39340K, committed 39768K, reserved 1083392K
  class space    used 5397K, capacity 5647K, committed 5720K, reserved 1048576K
GC Heap History (10 events):
Event: 5.870 GC heap before
{Heap before GC invocations=5 (full 1):
 PSYoungGen      total 76288K, used 65536K [0x000000076b380000, 0x0000000770880000, 0x00000007c0000000)
  eden space 65536K, 100% used [0x000000076b380000,0x000000076f380000,0x000000076f380000)
  from space 10752K, 0% used [0x000000076f380000,0x000000076f380000,0x000000076fe00000)
  to   space 10752K, 0% used [0x000000076fe00000,0x000000076fe00000,0x0000000770880000)
 ParOldGen       total 105472K, used 7823K [0x00000006c1a00000, 0x00000006c8100000, 0x000000076b380000)
  object space 105472K, 7% used [0x00000006c1a00000,0x00000006c21a3c08,0x00000006c8100000)
 Metaspace       used 26438K, capacity 26862K, committed 27264K, reserved 1073152K
  class space    used 3716K, capacity 3892K, committed 3968K, reserved 1048576K
Event: 5.875 GC heap after
Heap after GC invocations=5 (full 1):
 PSYoungGen      total 76288K, used 6302K [0x000000076b380000, 0x0000000772900000, 0x00000007c0000000)
  eden space 65536K, 0% used [0x000000076b380000,0x000000076b380000,0x000000076f380000)
  from space 10752K, 58% used [0x000000076fe00000,0x0000000770427b40,0x0000000770880000)
  to   space 10752K, 0% used [0x000000076f380000,0x000000076f380000,0x000000076fe00000)
 ParOldGen       total 105472K, used 7895K [0x00000006c1a00000, 0x00000006c8100000, 0x000000076b380000)
  object space 105472K, 7% used [0x00000006c1a00000,0x00000006c21b5c18,0x00000006c8100000)
 Metaspace       used 26438K, capacity 26862K, committed 27264K, reserved 1073152K
  class space    used 3716K, capacity 3892K, committed 3968K, reserved 1048576K
}
Event: 7.526 GC heap before
{Heap before GC invocations=6 (full 1):
 PSYoungGen      total 76288K, used 71838K [0x000000076b380000, 0x0000000772900000, 0x00000007c0000000)
  eden space 65536K, 100% used [0x000000076b380000,0x000000076f380000,0x000000076f380000)
  from space 10752K, 58% used [0x000000076fe00000,0x0000000770427b40,0x0000000770880000)
  to   space 10752K, 0% used [0x000000076f380000,0x000000076f380000,0x000000076fe00000)
 ParOldGen       total 105472K, used 7895K [0x00000006c1a00000, 0x00000006c8100000, 0x000000076b380000)
  object space 105472K, 7% used [0x00000006c1a00000,0x00000006c21b5c18,0x00000006c8100000)
 Metaspace       used 30952K, capacity 31462K, committed 31744K, reserved 1077248K
  class space    used 4289K, capacity 4511K, committed 4608K, reserved 1048576K
Event: 7.587 GC heap after
Heap after GC invocations=6 (full 1):
 PSYoungGen      total 76288K, used 8083K [0x000000076b380000, 0x0000000773400000, 0x00000007c0000000)
  eden space 65536K, 0% used [0x000000076b380000,0x000000076b380000,0x000000076f380000)
  from space 10752K, 75% used [0x000000076f380000,0x000000076fb64dd0,0x000000076fe00000)
  to   space 13824K, 0% used [0x0000000772680000,0x0000000772680000,0x0000000773400000)
 ParOldGen       total 105472K, used 7895K [0x00000006c1a00000, 0x00000006c8100000, 0x000000076b380000)
  object space 105472K, 7% used [0x00000006c1a00000,0x00000006c21b5c18,0x00000006c8100000)
 Metaspace       used 30952K, capacity 31462K, committed 31744K, reserved 1077248K
  class space    used 4289K, capacity 4511K, committed 4608K, reserved 1048576K
}
Event: 8.577 GC heap before
{Heap before GC invocations=7 (full 1):
 PSYoungGen      total 76288K, used 73619K [0x000000076b380000, 0x0000000773400000, 0x00000007c0000000)
  eden space 65536K, 100% used [0x000000076b380000,0x000000076f380000,0x000000076f380000)
  from space 10752K, 75% used [0x000000076f380000,0x000000076fb64dd0,0x000000076fe00000)
  to   space 13824K, 0% used [0x0000000772680000,0x0000000772680000,0x0000000773400000)
 ParOldGen       total 105472K, used 7895K [0x00000006c1a00000, 0x00000006c8100000, 0x000000076b380000)
  object space 105472K, 7% used [0x00000006c1a00000,0x00000006c21b5c18,0x00000006c8100000)
 Metaspace       used 34297K, capacity 34764K, committed 35072K, reserved 1079296K
  class space    used 4707K, capacity 4858K, committed 4864K, reserved 1048576K
Event: 8.591 GC heap after
Heap after GC invocations=7 (full 1):
 PSYoungGen      total 116736K, used 11696K [0x000000076b380000, 0x0000000773400000, 0x00000007c0000000)
  eden space 102912K, 0% used [0x000000076b380000,0x000000076b380000,0x0000000771800000)
  from space 13824K, 84% used [0x0000000772680000,0x00000007731ec078,0x0000000773400000)
  to   space 14336K, 0% used [0x0000000771800000,0x0000000771800000,0x0000000772600000)
 ParOldGen       total 105472K, used 7903K [0x00000006c1a00000, 0x00000006c8100000, 0x000000076b380000)
  object space 105472K, 7% used [0x00000006c1a00000,0x00000006c21b7c18,0x00000006c8100000)
 Metaspace       used 34297K, capacity 34764K, committed 35072K, reserved 1079296K
  class space    used 4707K, capacity 4858K, committed 4864K, reserved 1048576K
}
Event: 8.778 GC heap before
{Heap before GC invocations=8 (full 1):
 PSYoungGen      total 116736K, used 32296K [0x000000076b380000, 0x0000000773400000, 0x00000007c0000000)
  eden space 102912K, 20% used [0x000000076b380000,0x000000076c79e000,0x0000000771800000)
  from space 13824K, 84% used [0x0000000772680000,0x00000007731ec078,0x0000000773400000)
  to   space 14336K, 0% used [0x0000000771800000,0x0000000771800000,0x0000000772600000)
 ParOldGen       total 105472K, used 7903K [0x00000006c1a00000, 0x00000006c8100000, 0x000000076b380000)
  object space 105472K, 7% used [0x00000006c1a00000,0x00000006c21b7c18,0x00000006c8100000)
 Metaspace       used 34584K, capacity 35162K, committed 35416K, reserved 1079296K
  class space    used 4752K, capacity 4928K, committed 4952K, reserved 1048576K
Event: 8.796 GC heap after
Heap after GC invocations=8 (full 1):
 PSYoungGen      total 117248K, used 11878K [0x000000076b380000, 0x0000000773400000, 0x00000007c0000000)
  eden space 102912K, 0% used [0x000000076b380000,0x000000076b380000,0x0000000771800000)
  from space 14336K, 82% used [0x0000000771800000,0x0000000772399aa0,0x0000000772600000)
  to   space 13824K, 0% used [0x0000000772680000,0x0000000772680000,0x0000000773400000)
 ParOldGen       total 105472K, used 7903K [0x00000006c1a00000, 0x00000006c8100000, 0x000000076b380000)
  object space 105472K, 7% used [0x00000006c1a00000,0x00000006c21b7c18,0x00000006c8100000)
 Metaspace       used 34584K, capacity 35162K, committed 35416K, reserved 1079296K
  class space    used 4752K, capacity 4928K, committed 4952K, reserved 1048576K
}
Event: 8.796 GC heap before
{Heap before GC invocations=9 (full 2):
 PSYoungGen      total 117248K, used 11878K [0x000000076b380000, 0x0000000773400000, 0x00000007c0000000)
  eden space 102912K, 0% used [0x000000076b380000,0x000000076b380000,0x0000000771800000)
  from space 14336K, 82% used [0x0000000771800000,0x0000000772399aa0,0x0000000772600000)
  to   space 13824K, 0% used [0x0000000772680000,0x0000000772680000,0x0000000773400000)
 ParOldGen       total 105472K, used 7903K [0x00000006c1a00000, 0x00000006c8100000, 0x000000076b380000)
  object space 105472K, 7% used [0x00000006c1a00000,0x00000006c21b7c18,0x00000006c8100000)
 Metaspace       used 34584K, capacity 35162K, committed 35416K, reserved 1079296K
  class space    used 4752K, capacity 4928K, committed 4952K, reserved 1048576K
Event: 8.903 GC heap after
Heap after GC invocations=9 (full 2):
 PSYoungGen      total 117248K, used 0K [0x000000076b380000, 0x0000000773400000, 0x00000007c0000000)
  eden space 102912K, 0% used [0x000000076b380000,0x000000076b380000,0x0000000771800000)
  from space 14336K, 0% used [0x0000000771800000,0x0000000771800000,0x0000000772600000)
  to   space 13824K, 0% used [0x0000000772680000,0x0000000772680000,0x0000000773400000)
 ParOldGen       total 105472K, used 19246K [0x00000006c1a00000, 0x00000006c8100000, 0x000000076b380000)
  object space 105472K, 18% used [0x00000006c1a00000,0x00000006c2ccbb40,0x00000006c8100000)
 Metaspace       used 34584K, capacity 35162K, committed 35416K, reserved 1079296K
  class space    used 4752K, capacity 4928K, committed 4952K, reserved 1048576K
}

