# JRE version: Java(TM) SE Runtime Environment (8.0_151-b12) (build 1.8.0_151-b12)
# Java VM: Java HotSpot(TM) 64-Bit Server VM (25.151-b12 mixed mode windows-amd64 compressed oops)
Heap:
 PSYoungGen      total 111616K, used 62514K [0x000000076b380000, 0x0000000776500000, 0x00000007c0000000)
  eden space 98816K, 55% used [0x000000076b380000,0x000000076e951670,0x0000000771400000)
  from space 12800K, 57% used [0x0000000772280000,0x00000007729bb400,0x0000000772f00000)
  to   space 14848K, 0% used [0x0000000771400000,0x0000000771400000,0x0000000772280000)
 ParOldGen       total 99840K, used 19430K [0x00000006c1a00000, 0x00000006c7b80000, 0x000000076b380000)
  object space 99840K, 19% used [0x00000006c1a00000,0x00000006c2cf9af8,0x00000006c7b80000)
 Metaspace       used 43361K, capacity 44262K, committed 44504K, reserved 1087488K
  class space    used 5977K, capacity 6261K, committed 6360K, reserved 1048576K
GC Heap History (10 events):
Event: 7.408 GC heap before
{Heap before GC invocations=6 (full 1):
 PSYoungGen      total 76288K, used 71798K [0x000000076b380000, 0x0000000772e00000, 0x00000007c0000000)
  eden space 65536K, 100% used [0x000000076b380000,0x000000076f380000,0x000000076f380000)
  from space 10752K, 58% used [0x000000076fe00000,0x000000077041d8b0,0x0000000770880000)
  to   space 10752K, 0% used [0x000000076f380000,0x000000076f380000,0x000000076fe00000)
 ParOldGen       total 99840K, used 7858K [0x00000006c1a00000, 0x00000006c7b80000, 0x000000076b380000)
  object space 99840K, 7% used [0x00000006c1a00000,0x00000006c21ac8b8,0x00000006c7b80000)
 Metaspace       used 30844K, capacity 31398K, committed 31744K, reserved 1077248K
  class space    used 4286K, capacity 4511K, committed 4608K, reserved 1048576K
Event: 7.416 GC heap after
Heap after GC invocations=6 (full 1):
 PSYoungGen      total 76288K, used 8054K [0x000000076b380000, 0x0000000772f80000, 0x00000007c0000000)
  eden space 65536K, 0% used [0x000000076b380000,0x000000076b380000,0x000000076f380000)
  from space 10752K, 74% used [0x000000076f380000,0x000000076fb5d8c8,0x000000076fe00000)
  to   space 13312K, 0% used [0x0000000772280000,0x0000000772280000,0x0000000772f80000)
 ParOldGen       total 99840K, used 7866K [0x00000006c1a00000, 0x00000006c7b80000, 0x000000076b380000)
  object space 99840K, 7% used [0x00000006c1a00000,0x00000006c21ae8b8,0x00000006c7b80000)
 Metaspace       used 30844K, capacity 31398K, committed 31744K, reserved 1077248K
  class space    used 4286K, capacity 4511K, committed 4608K, reserved 1048576K
}
Event: 8.508 GC heap before
{Heap before GC invocations=7 (full 1):
 PSYoungGen      total 76288K, used 73590K [0x000000076b380000, 0x0000000772f80000, 0x00000007c0000000)
  eden space 65536K, 100% used [0x000000076b380000,0x000000076f380000,0x000000076f380000)
  from space 10752K, 74% used [0x000000076f380000,0x000000076fb5d8c8,0x000000076fe00000)
  to   space 13312K, 0% used [0x0000000772280000,0x0000000772280000,0x0000000772f80000)
 ParOldGen       total 99840K, used 7866K [0x00000006c1a00000, 0x00000006c7b80000, 0x000000076b380000)
  object space 99840K, 7% used [0x00000006c1a00000,0x00000006c21ae8b8,0x00000006c7b80000)
 Metaspace       used 34195K, capacity 34720K, committed 35072K, reserved 1079296K
  class space    used 4688K, capacity 4822K, committed 4864K, reserved 1048576K
Event: 8.520 GC heap after
Heap after GC invocations=7 (full 1):
 PSYoungGen      total 110592K, used 11523K [0x000000076b380000, 0x0000000772f00000, 0x00000007c0000000)
  eden space 97792K, 0% used [0x000000076b380000,0x000000076b380000,0x0000000771300000)
  from space 12800K, 90% used [0x0000000772280000,0x0000000772dc0f80,0x0000000772f00000)
  to   space 14336K, 0% used [0x0000000771300000,0x0000000771300000,0x0000000772100000)
 ParOldGen       total 99840K, used 7874K [0x00000006c1a00000, 0x00000006c7b80000, 0x000000076b380000)
  object space 99840K, 7% used [0x00000006c1a00000,0x00000006c21b08b8,0x00000006c7b80000)
 Metaspace       used 34195K, capacity 34720K, committed 35072K, reserved 1079296K
  class space    used 4688K, capacity 4822K, committed 4864K, reserved 1048576K
}
Event: 8.797 GC heap before
{Heap before GC invocations=8 (full 1):
 PSYoungGen      total 110592K, used 32948K [0x000000076b380000, 0x0000000772f00000, 0x00000007c0000000)
  eden space 97792K, 21% used [0x000000076b380000,0x000000076c86c180,0x0000000771300000)
  from space 12800K, 90% used [0x0000000772280000,0x0000000772dc0f80,0x0000000772f00000)
  to   space 14336K, 0% used [0x0000000771300000,0x0000000771300000,0x0000000772100000)
 ParOldGen       total 99840K, used 7874K [0x00000006c1a00000, 0x00000006c7b80000, 0x000000076b380000)
  object space 99840K, 7% used [0x00000006c1a00000,0x00000006c21b08b8,0x00000006c7b80000)
 Metaspace       used 34577K, capacity 35162K, committed 35416K, reserved 1079296K
  class space    used 4751K, capacity 4928K, committed 4952K, reserved 1048576K
Event: 8.827 GC heap after
Heap after GC invocations=8 (full 1):
 PSYoungGen      total 112128K, used 12070K [0x000000076b380000, 0x0000000772f00000, 0x00000007c0000000)
  eden space 97792K, 0% used [0x000000076b380000,0x000000076b380000,0x0000000771300000)
  from space 14336K, 84% used [0x0000000771300000,0x0000000771ec9ab0,0x0000000772100000)
  to   space 12800K, 0% used [0x0000000772280000,0x0000000772280000,0x0000000772f00000)
 ParOldGen       total 99840K, used 7874K [0x00000006c1a00000, 0x00000006c7b80000, 0x000000076b380000)
  object space 99840K, 7% used [0x00000006c1a00000,0x00000006c21b08b8,0x00000006c7b80000)
 Metaspace       used 34577K, capacity 35162K, committed 35416K, reserved 1079296K
  class space    used 4751K, capacity 4928K, committed 4952K, reserved 1048576K
}
Event: 8.827 GC heap before
{Heap before GC invocations=9 (full 2):
 PSYoungGen      total 112128K, used 12070K [0x000000076b380000, 0x0000000772f00000, 0x00000007c0000000)
  eden space 97792K, 0% used [0x000000076b380000,0x000000076b380000,0x0000000771300000)
  from space 14336K, 84% used [0x0000000771300000,0x0000000771ec9ab0,0x0000000772100000)
  to   space 12800K, 0% used [0x0000000772280000,0x0000000772280000,0x0000000772f00000)
 ParOldGen       total 99840K, used 7874K [0x00000006c1a00000, 0x00000006c7b80000, 0x000000076b380000)
  object space 99840K, 7% used [0x00000006c1a00000,0x00000006c21b08b8,0x00000006c7b80000)
 Metaspace       used 34577K, capacity 35162K, committed 35416K, reserved 1079296K
  class space    used 4751K, capacity 4928K, committed 4952K, reserved 1048576K
Event: 8.956 GC heap after
Heap after GC invocations=9 (full 2):
 PSYoungGen      total 112128K, used 0K [0x000000076b380000, 0x0000000772f00000, 0x00000007c0000000)
  eden space 97792K, 0% used [0x000000076b380000,0x000000076b380000,0x0000000771300000)
  from space 14336K, 0% used [0x0000000771300000,0x0000000771300000,0x0000000772100000)
  to   space 12800K, 0% used [0x0000000772280000,0x0000000772280000,0x0000000772f00000)
 ParOldGen       total 99840K, used 19358K [0x00000006c1a00000, 0x00000006c7b80000, 0x000000076b380000)
  object space 99840K, 19% used [0x00000006c1a00000,0x00000006c2ce7ae8,0x00000006c7b80000)
 Metaspace       used 34577K, capacity 35162K, committed 35416K, reserved 1079296K
  class space    used 4751K, capacity 4928K, committed 4952K, reserved 1048576K
}
Event: 10.803 GC heap before
{Heap before GC invocations=10 (full 2):
 PSYoungGen      total 112128K, used 97792K [0x000000076b380000, 0x0000000772f00000, 0x00000007c0000000)
  eden space 97792K, 100% used [0x000000076b380000,0x0000000771300000,0x0000000771300000)
  from space 14336K, 0% used [0x0000000771300000,0x0000000771300000,0x0000000772100000)
  to   space 12800K, 0% used [0x0000000772280000,0x0000000772280000,0x0000000772f00000)
 ParOldGen       total 99840K, used 19358K [0x00000006c1a00000, 0x00000006c7b80000, 0x000000076b380000)
  object space 99840K, 19% used [0x00000006c1a00000,0x00000006c2ce7ae8,0x00000006c7b80000)
 Metaspace       used 41324K, capacity 42074K, committed 42328K, reserved 1085440K
  class space    used 5687K, capacity 5927K, committed 5976K, reserved 1048576K
Event: 10.811 GC heap after
Heap after GC invocations=10 (full 2):
 PSYoungGen      total 111616K, used 7405K [0x000000076b380000, 0x0000000776500000, 0x00000007c0000000)
  eden space 98816K, 0% used [0x000000076b380000,0x000000076b380000,0x0000000771400000)
  from space 12800K, 57% used [0x0000000772280000,0x00000007729bb400,0x0000000772f00000)
  to   space 14848K, 0% used [0x0000000771400000,0x0000000771400000,0x0000000772280000)
 ParOldGen       total 99840K, used 19430K [0x00000006c1a00000, 0x00000006c7b80000, 0x000000076b380000)
  object space 99840K, 19% used [0x00000006c1a00000,0x00000006c2cf9af8,0x00000006c7b80000)
 Metaspace       used 41324K, capacity 42074K, committed 42328K, reserved 1085440K
  class space    used 5687K, capacity 5927K, committed 5976K, reserved 1048576K
}

